# Logfile created on 2015-01-24 11:41:49 +0100 by logger.rb/44203
I, [2015-01-24T11:41:49.970528 #42905]  INFO -- : 3:  builder (3.0.4) from /Users/Andrei/.rvm/gems/ruby-2.1.0@the_task/specifications/builder-3.0.4.gemspec
I, [2015-01-24T11:41:49.988436 #42902]  INFO -- : 0:  multi_json (1.10.1) from /Users/Andrei/.rvm/gems/ruby-2.1.0@the_task/specifications/multi_json-1.10.1.gemspec
I, [2015-01-24T11:41:50.172949 #42903]  INFO -- : 1:  i18n (0.6.11) from /Users/Andrei/.rvm/gems/ruby-2.1.0@the_task/specifications/i18n-0.6.11.gemspec
I, [2015-01-24T11:41:50.344919 #42904]  INFO -- : 2:  rake (10.4.2) from /Users/Andrei/.rvm/gems/ruby-2.1.0@the_task/specifications/rake-10.4.2.gemspec
I, [2015-01-24T11:41:56.944604 #42902]  INFO -- : 0:  journey (1.0.4) from /Users/Andrei/.rvm/gems/ruby-2.1.0@the_task/specifications/journey-1.0.4.gemspec
I, [2015-01-24T11:41:57.031696 #42904]  INFO -- : 2:  hike (1.2.3) from /Users/Andrei/.rvm/gems/ruby-2.1.0@the_task/specifications/hike-1.2.3.gemspec
I, [2015-01-24T11:41:57.309342 #42905]  INFO -- : 3:  erubis (2.7.0) from /Users/Andrei/.rvm/gems/ruby-2.1.0@the_task/specifications/erubis-2.7.0.gemspec
I, [2015-01-24T11:41:57.467013 #42903]  INFO -- : 1:  rack (1.4.5) from /Users/Andrei/.rvm/gems/ruby-2.1.0@the_task/specifications/rack-1.4.5.gemspec
I, [2015-01-24T11:42:03.910734 #42902]  INFO -- : 0:  tilt (1.4.1) from /Users/Andrei/.rvm/gems/ruby-2.1.0@the_task/specifications/tilt-1.4.1.gemspec
I, [2015-01-24T11:42:03.959858 #42904]  INFO -- : 2:  arel (3.0.3) from /Users/Andrei/.rvm/gems/ruby-2.1.0@the_task/specifications/arel-3.0.3.gemspec
I, [2015-01-24T11:42:04.328358 #42903]  INFO -- : 1:  awesome_print (1.2.0) from /Users/Andrei/.rvm/gems/ruby-2.1.0@the_task/specifications/awesome_print-1.2.0.gemspec
I, [2015-01-24T11:42:04.329282 #42903]  INFO -- : 1:  bundler (1.5.1) from /Users/Andrei/.rvm/gems/ruby-2.1.0@global/specifications/bundler-1.5.1.gemspec
I, [2015-01-24T11:42:05.007150 #42905]  INFO -- : 3:  tzinfo (0.3.42) from /Users/Andrei/.rvm/gems/ruby-2.1.0@the_task/specifications/tzinfo-0.3.42.gemspec
I, [2015-01-24T11:42:05.873721 #42902]  INFO -- : 0:  thor (0.19.1) from /Users/Andrei/.rvm/gems/ruby-2.1.0@the_task/specifications/thor-0.19.1.gemspec
I, [2015-01-24T11:42:06.801776 #42903]  INFO -- : 1:  activesupport (3.2.21) from /Users/Andrei/.rvm/gems/ruby-2.1.0@the_task/specifications/activesupport-3.2.21.gemspec
I, [2015-01-24T11:42:07.324916 #42905]  INFO -- : 3:  rack-cache (1.2) from /Users/Andrei/.rvm/gems/ruby-2.1.0@the_task/specifications/rack-cache-1.2.gemspec
I, [2015-01-24T11:42:07.667888 #42902]  INFO -- : 0:  rack-test (0.6.2) from /Users/Andrei/.rvm/gems/ruby-2.1.0@the_task/specifications/rack-test-0.6.2.gemspec
I, [2015-01-24T11:42:08.684783 #42903]  INFO -- : 1:  sprockets (2.2.3) from /Users/Andrei/.rvm/gems/ruby-2.1.0@the_task/specifications/sprockets-2.2.3.gemspec
I, [2015-01-24T11:42:08.950360 #42904]  INFO -- : 2:  sqlite3 (1.3.10) from /Users/Andrei/.rvm/gems/ruby-2.1.0@the_task/specifications/sqlite3-1.3.10.gemspec
I, [2015-01-24T11:42:09.175001 #42905]  INFO -- : 3:  activemodel (3.2.21) from /Users/Andrei/.rvm/gems/ruby-2.1.0@the_task/specifications/activemodel-3.2.21.gemspec
I, [2015-01-24T11:42:11.965743 #42902]  INFO -- : 0:  actionpack (3.2.21) from /Users/Andrei/.rvm/gems/ruby-2.1.0@the_task/specifications/actionpack-3.2.21.gemspec
I, [2015-01-24T11:42:11.994694 #42903]  INFO -- : 1:  activerecord (3.2.21) from /Users/Andrei/.rvm/gems/ruby-2.1.0@the_task/specifications/activerecord-3.2.21.gemspec
E, [2015-01-24T11:42:14.523100 #42904] ERROR -- : Gem::InstallError: framework requires RubyGems version >= 2.2.2. Try 'gem update --system' to update RubyGems itself.
/Users/Andrei/.rvm/rubies/ruby-2.1.0/lib/ruby/site_ruby/2.1.0/rubygems/installer.rb:552:in `ensure_required_rubygems_version_met'  \n/Users/Andrei/.rvm/rubies/ruby-2.1.0/lib/ruby/site_ruby/2.1.0/rubygems/installer.rb:758:in `pre_install_checks'  \n/Users/Andrei/.rvm/rubies/ruby-2.1.0/lib/ruby/site_ruby/2.1.0/rubygems/installer.rb:213:in `install'  \n/Users/Andrei/.rvm/gems/ruby-2.1.0@global/gems/bundler-1.5.1/lib/bundler/source/rubygems.rb:101:in `block in install'  \n/Users/Andrei/.rvm/gems/ruby-2.1.0@global/gems/bundler-1.5.1/lib/bundler/rubygems_integration.rb:118:in `preserve_paths'  \n/Users/Andrei/.rvm/gems/ruby-2.1.0@global/gems/bundler-1.5.1/lib/bundler/source/rubygems.rb:94:in `install'  \n/Users/Andrei/.rvm/gems/ruby-2.1.0@global/gems/bundler-1.5.1/lib/bundler/installer.rb:111:in `block in install_gem_from_spec'  \n/Users/Andrei/.rvm/gems/ruby-2.1.0@global/gems/bundler-1.5.1/lib/bundler/rubygems_integration.rb:150:in `with_build_args'  \n/Users/Andrei/.rvm/gems/ruby-2.1.0@global/gems/bundler-1.5.1/lib/bundler/installer.rb:110:in `install_gem_from_spec'  \n/Users/Andrei/.rvm/gems/ruby-2.1.0@global/gems/bundler-1.5.1/lib/bundler/installer.rb:313:in `block in install_in_parallel'  \n/Users/Andrei/.rvm/gems/ruby-2.1.0@global/gems/bundler-1.5.1/lib/bundler/parallel_workers/unix_worker.rb:42:in `call'  \n/Users/Andrei/.rvm/gems/ruby-2.1.0@global/gems/bundler-1.5.1/lib/bundler/parallel_workers/unix_worker.rb:42:in `block (2 levels) in prepare_workers'  \n/Users/Andrei/.rvm/gems/ruby-2.1.0@global/gems/bundler-1.5.1/lib/bundler/parallel_workers/unix_worker.rb:35:in `fork'  \n/Users/Andrei/.rvm/gems/ruby-2.1.0@global/gems/bundler-1.5.1/lib/bundler/parallel_workers/unix_worker.rb:35:in `block in prepare_workers'  \n/Users/Andrei/.rvm/gems/ruby-2.1.0@global/gems/bundler-1.5.1/lib/bundler/parallel_workers/unix_worker.rb:31:in `times'  \n/Users/Andrei/.rvm/gems/ruby-2.1.0@global/gems/bundler-1.5.1/lib/bundler/parallel_workers/unix_worker.rb:31:in `each'  \n/Users/Andrei/.rvm/gems/ruby-2.1.0@global/gems/bundler-1.5.1/lib/bundler/parallel_workers/unix_worker.rb:31:in `map'  \n/Users/Andrei/.rvm/gems/ruby-2.1.0@global/gems/bundler-1.5.1/lib/bundler/parallel_workers/unix_worker.rb:31:in `prepare_workers'  \n/Users/Andrei/.rvm/gems/ruby-2.1.0@global/gems/bundler-1.5.1/lib/bundler/parallel_workers/worker.rb:20:in `initialize'  \n/Users/Andrei/.rvm/gems/ruby-2.1.0@global/gems/bundler-1.5.1/lib/bundler/parallel_workers/unix_worker.rb:20:in `initialize'  \n/Users/Andrei/.rvm/gems/ruby-2.1.0@global/gems/bundler-1.5.1/lib/bundler/parallel_workers.rb:14:in `new'  \n/Users/Andrei/.rvm/gems/ruby-2.1.0@global/gems/bundler-1.5.1/lib/bundler/parallel_workers.rb:14:in `worker_pool'  \n/Users/Andrei/.rvm/gems/ruby-2.1.0@global/gems/bundler-1.5.1/lib/bundler/installer.rb:311:in `install_in_parallel'  \n/Users/Andrei/.rvm/gems/ruby-2.1.0@global/gems/bundler-1.5.1/lib/bundler/installer.rb:95:in `run'  \n/Users/Andrei/.rvm/gems/ruby-2.1.0@global/gems/bundler-1.5.1/lib/bundler/installer.rb:15:in `install'  \n/Users/Andrei/.rvm/gems/ruby-2.1.0@global/gems/bundler-1.5.1/lib/bundler/cli.rb:257:in `install'  \n/Users/Andrei/.rvm/gems/ruby-2.1.0@global/gems/bundler-1.5.1/lib/bundler/vendor/thor/command.rb:27:in `run'  \n/Users/Andrei/.rvm/gems/ruby-2.1.0@global/gems/bundler-1.5.1/lib/bundler/vendor/thor/invocation.rb:120:in `invoke_command'  \n/Users/Andrei/.rvm/gems/ruby-2.1.0@global/gems/bundler-1.5.1/lib/bundler/vendor/thor.rb:363:in `dispatch'  \n/Users/Andrei/.rvm/gems/ruby-2.1.0@global/gems/bundler-1.5.1/lib/bundler/vendor/thor/base.rb:438:in `start'  \n/Users/Andrei/.rvm/gems/ruby-2.1.0@global/gems/bundler-1.5.1/lib/bundler/cli.rb:10:in `start'  \n/Users/Andrei/.rvm/gems/ruby-2.1.0@global/gems/bundler-1.5.1/bin/bundle:22:in `block in <top (required)>'  \n/Users/Andrei/.rvm/gems/ruby-2.1.0@global/gems/bundler-1.5.1/lib/bundler/friendly_errors.rb:5:in `with_friendly_errors'  \n/Users/Andrei/.rvm/gems/ruby-2.1.0@global/gems/bundler-1.5.1/bin/bundle:22:in `<top (required)>'  \n/Users/Andrei/.rvm/gems/ruby-2.1.0@global/bin/bundle:19:in `load'  \n/Users/Andrei/.rvm/gems/ruby-2.1.0@global/bin/bundle:19:in `<main>'  \n/Users/Andrei/.rvm/gems/ruby-2.1.0@global/bin/ruby_executable_hooks:15:in `eval'  \n/Users/Andrei/.rvm/gems/ruby-2.1.0@global/bin/ruby_executable_hooks:15:in `<main>'
I, [2015-01-24T11:43:30.733395 #43149]  INFO -- : 2:  rake (10.4.2) from /Users/Andrei/.rvm/gems/ruby-2.1.0@the_task/specifications/rake-10.4.2.gemspec
I, [2015-01-24T11:43:30.733763 #43148]  INFO -- : 1:  i18n (0.6.11) from /Users/Andrei/.rvm/gems/ruby-2.1.0@the_task/specifications/i18n-0.6.11.gemspec
I, [2015-01-24T11:43:30.733885 #43147]  INFO -- : 0:  builder (3.0.4) from /Users/Andrei/.rvm/gems/ruby-2.1.0@the_task/specifications/builder-3.0.4.gemspec
I, [2015-01-24T11:43:30.735196 #43149]  INFO -- : 2:  erubis (2.7.0) from /Users/Andrei/.rvm/gems/ruby-2.1.0@the_task/specifications/erubis-2.7.0.gemspec
I, [2015-01-24T11:43:30.735652 #43148]  INFO -- : 1:  journey (1.0.4) from /Users/Andrei/.rvm/gems/ruby-2.1.0@the_task/specifications/journey-1.0.4.gemspec
I, [2015-01-24T11:43:30.736676 #43147]  INFO -- : 0:  rack (1.4.5) from /Users/Andrei/.rvm/gems/ruby-2.1.0@the_task/specifications/rack-1.4.5.gemspec
I, [2015-01-24T11:43:30.736804 #43148]  INFO -- : 1:  hike (1.2.3) from /Users/Andrei/.rvm/gems/ruby-2.1.0@the_task/specifications/hike-1.2.3.gemspec
I, [2015-01-24T11:43:30.737395 #43149]  INFO -- : 2:  tilt (1.4.1) from /Users/Andrei/.rvm/gems/ruby-2.1.0@the_task/specifications/tilt-1.4.1.gemspec
I, [2015-01-24T11:43:30.737910 #43148]  INFO -- : 1:  arel (3.0.3) from /Users/Andrei/.rvm/gems/ruby-2.1.0@the_task/specifications/arel-3.0.3.gemspec
I, [2015-01-24T11:43:30.737792 #43150]  INFO -- : 3:  multi_json (1.10.1) from /Users/Andrei/.rvm/gems/ruby-2.1.0@the_task/specifications/multi_json-1.10.1.gemspec
I, [2015-01-24T11:43:30.738267 #43147]  INFO -- : 0:  tzinfo (0.3.42) from /Users/Andrei/.rvm/gems/ruby-2.1.0@the_task/specifications/tzinfo-0.3.42.gemspec
I, [2015-01-24T11:43:30.738715 #43149]  INFO -- : 2:  awesome_print (1.2.0) from /Users/Andrei/.rvm/gems/ruby-2.1.0@the_task/specifications/awesome_print-1.2.0.gemspec
I, [2015-01-24T11:43:30.738966 #43148]  INFO -- : 1:  thor (0.19.1) from /Users/Andrei/.rvm/gems/ruby-2.1.0@the_task/specifications/thor-0.19.1.gemspec
I, [2015-01-24T11:43:30.739439 #43147]  INFO -- : 0:  sqlite3 (1.3.10) from /Users/Andrei/.rvm/gems/ruby-2.1.0@the_task/specifications/sqlite3-1.3.10.gemspec
I, [2015-01-24T11:43:30.739623 #43150]  INFO -- : 3:  bundler (1.5.1) from /Users/Andrei/.rvm/gems/ruby-2.1.0@global/specifications/bundler-1.5.1.gemspec
I, [2015-01-24T11:43:30.739913 #43149]  INFO -- : 2:  rack-cache (1.2) from /Users/Andrei/.rvm/gems/ruby-2.1.0@the_task/specifications/rack-cache-1.2.gemspec
I, [2015-01-24T11:43:30.740303 #43148]  INFO -- : 1:  rack-test (0.6.2) from /Users/Andrei/.rvm/gems/ruby-2.1.0@the_task/specifications/rack-test-0.6.2.gemspec
I, [2015-01-24T11:43:30.740738 #43147]  INFO -- : 0:  activesupport (3.2.21) from /Users/Andrei/.rvm/gems/ruby-2.1.0@the_task/specifications/activesupport-3.2.21.gemspec
I, [2015-01-24T11:43:30.740856 #43150]  INFO -- : 3:  sprockets (2.2.3) from /Users/Andrei/.rvm/gems/ruby-2.1.0@the_task/specifications/sprockets-2.2.3.gemspec
I, [2015-01-24T11:43:30.741729 #43149]  INFO -- : 2:  activemodel (3.2.21) from /Users/Andrei/.rvm/gems/ruby-2.1.0@the_task/specifications/activemodel-3.2.21.gemspec
I, [2015-01-24T11:43:30.743045 #43148]  INFO -- : 1:  actionpack (3.2.21) from /Users/Andrei/.rvm/gems/ruby-2.1.0@the_task/specifications/actionpack-3.2.21.gemspec
I, [2015-01-24T11:43:30.743004 #43147]  INFO -- : 0:  activerecord (3.2.21) from /Users/Andrei/.rvm/gems/ruby-2.1.0@the_task/specifications/activerecord-3.2.21.gemspec
I, [2015-01-24T11:43:30.794139 #43150]  INFO -- : 3:  framework (0.0.7) from /Users/Andrei/.rvm/gems/ruby-2.1.0@the_task/specifications/framework-0.0.7.gemspec
I, [2015-01-24T11:44:56.474882 #43172]  INFO -- : 3:  multi_json (1.10.1) from /Users/Andrei/.rvm/gems/ruby-2.1.0@the_task/specifications/multi_json-1.10.1.gemspec
I, [2015-01-24T11:44:56.474882 #43169]  INFO -- : 0:  builder (3.0.4) from /Users/Andrei/.rvm/gems/ruby-2.1.0@the_task/specifications/builder-3.0.4.gemspec
I, [2015-01-24T11:44:56.475207 #43170]  INFO -- : 1:  i18n (0.6.11) from /Users/Andrei/.rvm/gems/ruby-2.1.0@the_task/specifications/i18n-0.6.11.gemspec
I, [2015-01-24T11:44:56.475780 #43171]  INFO -- : 2:  rake (10.4.2) from /Users/Andrei/.rvm/gems/ruby-2.1.0@the_task/specifications/rake-10.4.2.gemspec
I, [2015-01-24T11:44:56.476453 #43169]  INFO -- : 0:  erubis (2.7.0) from /Users/Andrei/.rvm/gems/ruby-2.1.0@the_task/specifications/erubis-2.7.0.gemspec
I, [2015-01-24T11:44:56.476944 #43172]  INFO -- : 3:  journey (1.0.4) from /Users/Andrei/.rvm/gems/ruby-2.1.0@the_task/specifications/journey-1.0.4.gemspec
I, [2015-01-24T11:44:56.477097 #43170]  INFO -- : 1:  rack (1.4.5) from /Users/Andrei/.rvm/gems/ruby-2.1.0@the_task/specifications/rack-1.4.5.gemspec
I, [2015-01-24T11:44:56.477357 #43171]  INFO -- : 2:  hike (1.2.3) from /Users/Andrei/.rvm/gems/ruby-2.1.0@the_task/specifications/hike-1.2.3.gemspec
I, [2015-01-24T11:44:56.478078 #43169]  INFO -- : 0:  tilt (1.4.1) from /Users/Andrei/.rvm/gems/ruby-2.1.0@the_task/specifications/tilt-1.4.1.gemspec
I, [2015-01-24T11:44:56.478291 #43172]  INFO -- : 3:  arel (3.0.3) from /Users/Andrei/.rvm/gems/ruby-2.1.0@the_task/specifications/arel-3.0.3.gemspec
I, [2015-01-24T11:44:56.478502 #43170]  INFO -- : 1:  tzinfo (0.3.42) from /Users/Andrei/.rvm/gems/ruby-2.1.0@the_task/specifications/tzinfo-0.3.42.gemspec
I, [2015-01-24T11:44:56.478549 #43171]  INFO -- : 2:  awesome_print (1.2.0) from /Users/Andrei/.rvm/gems/ruby-2.1.0@the_task/specifications/awesome_print-1.2.0.gemspec
I, [2015-01-24T11:44:56.479462 #43169]  INFO -- : 0:  thor (0.19.1) from /Users/Andrei/.rvm/gems/ruby-2.1.0@the_task/specifications/thor-0.19.1.gemspec
I, [2015-01-24T11:44:56.479688 #43172]  INFO -- : 3:  sqlite3 (1.3.10) from /Users/Andrei/.rvm/gems/ruby-2.1.0@the_task/specifications/sqlite3-1.3.10.gemspec
I, [2015-01-24T11:44:56.479770 #43171]  INFO -- : 2:  bundler (1.5.1) from /Users/Andrei/.rvm/gems/ruby-2.1.0@global/specifications/bundler-1.5.1.gemspec
I, [2015-01-24T11:44:56.479840 #43170]  INFO -- : 1:  activesupport (3.2.21) from /Users/Andrei/.rvm/gems/ruby-2.1.0@the_task/specifications/activesupport-3.2.21.gemspec
I, [2015-01-24T11:44:56.480671 #43169]  INFO -- : 0:  rack-cache (1.2) from /Users/Andrei/.rvm/gems/ruby-2.1.0@the_task/specifications/rack-cache-1.2.gemspec
I, [2015-01-24T11:44:56.480708 #43171]  INFO -- : 2:  rack-test (0.6.2) from /Users/Andrei/.rvm/gems/ruby-2.1.0@the_task/specifications/rack-test-0.6.2.gemspec
I, [2015-01-24T11:44:56.480776 #43170]  INFO -- : 1:  sprockets (2.2.3) from /Users/Andrei/.rvm/gems/ruby-2.1.0@the_task/specifications/sprockets-2.2.3.gemspec
I, [2015-01-24T11:44:56.481204 #43172]  INFO -- : 3:  activemodel (3.2.21) from /Users/Andrei/.rvm/gems/ruby-2.1.0@the_task/specifications/activemodel-3.2.21.gemspec
I, [2015-01-24T11:44:56.482187 #43169]  INFO -- : 0:  actionpack (3.2.21) from /Users/Andrei/.rvm/gems/ruby-2.1.0@the_task/specifications/actionpack-3.2.21.gemspec
I, [2015-01-24T11:44:56.482204 #43171]  INFO -- : 2:  activerecord (3.2.21) from /Users/Andrei/.rvm/gems/ruby-2.1.0@the_task/specifications/activerecord-3.2.21.gemspec
I, [2015-01-24T11:44:56.482893 #43170]  INFO -- : 1:  framework (0.0.7) from /Users/Andrei/.rvm/gems/ruby-2.1.0@the_task/specifications/framework-0.0.7.gemspec
I, [2015-01-24T11:53:49.300342 #43342]  INFO -- : 3:  multi_json (1.10.1) from /Users/Andrei/.rvm/gems/ruby-2.1.0@the_task/specifications/multi_json-1.10.1.gemspec
I, [2015-01-24T11:53:49.305284 #43342]  INFO -- : 3:  erubis (2.7.0) from /Users/Andrei/.rvm/gems/ruby-2.1.0@the_task/specifications/erubis-2.7.0.gemspec
I, [2015-01-24T11:53:49.307338 #43342]  INFO -- : 3:  journey (1.0.4) from /Users/Andrei/.rvm/gems/ruby-2.1.0@the_task/specifications/journey-1.0.4.gemspec
I, [2015-01-24T11:53:49.309377 #43342]  INFO -- : 3:  rack (1.4.5) from /Users/Andrei/.rvm/gems/ruby-2.1.0@the_task/specifications/rack-1.4.5.gemspec
I, [2015-01-24T11:53:49.305715 #43341]  INFO -- : 2:  rake (10.4.2) from /Users/Andrei/.rvm/gems/ruby-2.1.0@the_task/specifications/rake-10.4.2.gemspec
I, [2015-01-24T11:53:49.311465 #43342]  INFO -- : 3:  hike (1.2.3) from /Users/Andrei/.rvm/gems/ruby-2.1.0@the_task/specifications/hike-1.2.3.gemspec
I, [2015-01-24T11:53:49.314544 #43342]  INFO -- : 3:  arel (3.0.3) from /Users/Andrei/.rvm/gems/ruby-2.1.0@the_task/specifications/arel-3.0.3.gemspec
I, [2015-01-24T11:53:49.314588 #43341]  INFO -- : 2:  tilt (1.4.1) from /Users/Andrei/.rvm/gems/ruby-2.1.0@the_task/specifications/tilt-1.4.1.gemspec
I, [2015-01-24T11:53:49.317454 #43341]  INFO -- : 2:  tzinfo (0.3.42) from /Users/Andrei/.rvm/gems/ruby-2.1.0@the_task/specifications/tzinfo-0.3.42.gemspec
I, [2015-01-24T11:53:49.321338 #43339]  INFO -- : 0:  builder (3.0.4) from /Users/Andrei/.rvm/gems/ruby-2.1.0@the_task/specifications/builder-3.0.4.gemspec
I, [2015-01-24T11:53:49.322633 #43341]  INFO -- : 2:  thor (0.19.1) from /Users/Andrei/.rvm/gems/ruby-2.1.0@the_task/specifications/thor-0.19.1.gemspec
I, [2015-01-24T11:53:49.328229 #43339]  INFO -- : 0:  bundler (1.5.1) from /Users/Andrei/.rvm/gems/ruby-2.1.0@global/specifications/bundler-1.5.1.gemspec
I, [2015-01-24T11:53:49.328559 #43341]  INFO -- : 2:  sqlite3 (1.3.10) from /Users/Andrei/.rvm/gems/ruby-2.1.0@the_task/specifications/sqlite3-1.3.10.gemspec
I, [2015-01-24T11:53:49.331803 #43339]  INFO -- : 0:  rack-cache (1.2) from /Users/Andrei/.rvm/gems/ruby-2.1.0@the_task/specifications/rack-cache-1.2.gemspec
I, [2015-01-24T11:53:49.334360 #43339]  INFO -- : 0:  sprockets (2.2.3) from /Users/Andrei/.rvm/gems/ruby-2.1.0@the_task/specifications/sprockets-2.2.3.gemspec
I, [2015-01-24T11:54:01.313882 #43341]  INFO -- : 2:  rack-test (0.6.3) from /Users/Andrei/.rvm/gems/ruby-2.1.0@the_task/specifications/rack-test-0.6.3.gemspec
I, [2015-01-24T11:54:01.424828 #43342]  INFO -- : 3:  awesome_print (1.6.1) from /Users/Andrei/.rvm/gems/ruby-2.1.0@the_task/specifications/awesome_print-1.6.1.gemspec
I, [2015-01-24T11:54:01.591756 #43340]  INFO -- : 1:  i18n (0.7.0) from /Users/Andrei/.rvm/gems/ruby-2.1.0@the_task/specifications/i18n-0.7.0.gemspec
I, [2015-01-24T11:54:01.593974 #43339]  INFO -- : 0:  activesupport (3.2.21) from /Users/Andrei/.rvm/gems/ruby-2.1.0@the_task/specifications/activesupport-3.2.21.gemspec
I, [2015-01-24T11:54:01.596790 #43341]  INFO -- : 2:  activemodel (3.2.21) from /Users/Andrei/.rvm/gems/ruby-2.1.0@the_task/specifications/activemodel-3.2.21.gemspec
I, [2015-01-24T11:54:01.598947 #43342]  INFO -- : 3:  actionpack (3.2.21) from /Users/Andrei/.rvm/gems/ruby-2.1.0@the_task/specifications/actionpack-3.2.21.gemspec
I, [2015-01-24T11:54:01.599104 #43340]  INFO -- : 1:  activerecord (3.2.21) from /Users/Andrei/.rvm/gems/ruby-2.1.0@the_task/specifications/activerecord-3.2.21.gemspec
I, [2015-01-24T11:54:14.069351 #43339]  INFO -- : 0:  framework (0.0.8) from /Users/Andrei/.rvm/gems/ruby-2.1.0@the_task/specifications/framework-0.0.8.gemspec
